[26-Aug-2025 09:28:53 UTC] PHP Warning:  Undefined array key "HTTP_HOST" in C:\Users\kongp\Local Sites\adsign\app\public\wp-includes\functions.php on line 6334
[26-Aug-2025 09:38:09 UTC] PHP Fatal error:  Uncaught ArgumentCountError: 3 arguments are required, 2 given in C:\Users\kongp\Local Sites\adsign\app\public\wp-admin\includes\class-bulk-upgrader-skin.php:208
Stack trace:
#0 C:\Users\kongp\Local Sites\adsign\app\public\wp-admin\includes\class-bulk-upgrader-skin.php(208): sprintf('%1$s installed ...', 'Contact Form 7')
#1 C:\Users\kongp\Local Sites\adsign\app\public\wp-content\themes\flatsome\inc\classes\class-tgm-plugin-activation.php(3638): Bulk_Upgrader_Skin->after('Contact Form 7')
#2 C:\Users\kongp\Local Sites\adsign\app\public\wp-admin\includes\class-wp-upgrader.php(948): TGMPA_Bulk_Installer_Skin->after()
#3 C:\Users\kongp\Local Sites\adsign\app\public\wp-content\themes\flatsome\inc\classes\class-tgm-plugin-activation.php(3258): WP_Upgrader->run(Array)
#4 C:\Users\kongp\Local Sites\adsign\app\public\wp-content\themes\flatsome\inc\classes\class-tgm-plugin-activation.php(3363): TGMPA_Bulk_Installer->run(Array)
#5 C:\Users\kongp\Local Sites\adsign\app\public\wp-content\themes\flatsome\inc\classes\class-tgm-plugin-activation.php(2977): TGMPA_Bulk_Installer->bulk_install(Array)
#6 C:\Users\kongp\Local Sites\adsign\app\public\wp-content\themes\flatsome\inc\classes\class-tgm-plugin-activation.php(743): TGMPA_List_Table->process_bulk_actions()
#7 C:\Users\kongp\Local Sites\adsign\app\public\wp-includes\class-wp-hook.php(324): TGM_Plugin_Activation->install_plugins_page('')
#8 C:\Users\kongp\Local Sites\adsign\app\public\wp-includes\class-wp-hook.php(348): WP_Hook->apply_filters('', Array)
#9 C:\Users\kongp\Local Sites\adsign\app\public\wp-includes\plugin.php(517): WP_Hook->do_action(Array)
#10 C:\Users\kongp\Local Sites\adsign\app\public\wp-admin\admin.php(260): do_action('appearance_page...')
#11 C:\Users\kongp\Local Sites\adsign\app\public\wp-admin\themes.php(10): require_once('C:\\Users\\kongp\\...')
#12 {main}
  thrown in C:\Users\kongp\Local Sites\adsign\app\public\wp-admin\includes\class-bulk-upgrader-skin.php on line 208
[26-Aug-2025 09:38:14 UTC] PHP Fatal error:  Uncaught ArgumentCountError: 3 arguments are required, 2 given in C:\Users\kongp\Local Sites\adsign\app\public\wp-admin\includes\class-bulk-upgrader-skin.php:208
Stack trace:
#0 C:\Users\kongp\Local Sites\adsign\app\public\wp-admin\includes\class-bulk-upgrader-skin.php(208): sprintf('%1$s installed ...', 'Nextend Social ...')
#1 C:\Users\kongp\Local Sites\adsign\app\public\wp-content\themes\flatsome\inc\classes\class-tgm-plugin-activation.php(3638): Bulk_Upgrader_Skin->after('Nextend Social ...')
#2 C:\Users\kongp\Local Sites\adsign\app\public\wp-admin\includes\class-wp-upgrader.php(948): TGMPA_Bulk_Installer_Skin->after()
#3 C:\Users\kongp\Local Sites\adsign\app\public\wp-content\themes\flatsome\inc\classes\class-tgm-plugin-activation.php(3258): WP_Upgrader->run(Array)
#4 C:\Users\kongp\Local Sites\adsign\app\public\wp-content\themes\flatsome\inc\classes\class-tgm-plugin-activation.php(3363): TGMPA_Bulk_Installer->run(Array)
#5 C:\Users\kongp\Local Sites\adsign\app\public\wp-content\themes\flatsome\inc\classes\class-tgm-plugin-activation.php(2977): TGMPA_Bulk_Installer->bulk_install(Array)
#6 C:\Users\kongp\Local Sites\adsign\app\public\wp-content\themes\flatsome\inc\classes\class-tgm-plugin-activation.php(743): TGMPA_List_Table->process_bulk_actions()
#7 C:\Users\kongp\Local Sites\adsign\app\public\wp-includes\class-wp-hook.php(324): TGM_Plugin_Activation->install_plugins_page('')
#8 C:\Users\kongp\Local Sites\adsign\app\public\wp-includes\class-wp-hook.php(348): WP_Hook->apply_filters('', Array)
#9 C:\Users\kongp\Local Sites\adsign\app\public\wp-includes\plugin.php(517): WP_Hook->do_action(Array)
#10 C:\Users\kongp\Local Sites\adsign\app\public\wp-admin\admin.php(260): do_action('appearance_page...')
#11 C:\Users\kongp\Local Sites\adsign\app\public\wp-admin\themes.php(10): require_once('C:\\Users\\kongp\\...')
#12 {main}
  thrown in C:\Users\kongp\Local Sites\adsign\app\public\wp-admin\includes\class-bulk-upgrader-skin.php on line 208
[26-Aug-2025 09:38:37 UTC] PHP Fatal error:  Uncaught ArgumentCountError: 3 arguments are required, 2 given in C:\Users\kongp\Local Sites\adsign\app\public\wp-admin\includes\class-bulk-upgrader-skin.php:208
Stack trace:
#0 C:\Users\kongp\Local Sites\adsign\app\public\wp-admin\includes\class-bulk-upgrader-skin.php(208): sprintf('%1$s installed ...', 'WooCommerce')
#1 C:\Users\kongp\Local Sites\adsign\app\public\wp-content\themes\flatsome\inc\classes\class-tgm-plugin-activation.php(3638): Bulk_Upgrader_Skin->after('WooCommerce')
#2 C:\Users\kongp\Local Sites\adsign\app\public\wp-admin\includes\class-wp-upgrader.php(948): TGMPA_Bulk_Installer_Skin->after()
#3 C:\Users\kongp\Local Sites\adsign\app\public\wp-content\themes\flatsome\inc\classes\class-tgm-plugin-activation.php(3258): WP_Upgrader->run(Array)
#4 C:\Users\kongp\Local Sites\adsign\app\public\wp-content\themes\flatsome\inc\classes\class-tgm-plugin-activation.php(3363): TGMPA_Bulk_Installer->run(Array)
#5 C:\Users\kongp\Local Sites\adsign\app\public\wp-content\themes\flatsome\inc\classes\class-tgm-plugin-activation.php(2977): TGMPA_Bulk_Installer->bulk_install(Array)
#6 C:\Users\kongp\Local Sites\adsign\app\public\wp-content\themes\flatsome\inc\classes\class-tgm-plugin-activation.php(743): TGMPA_List_Table->process_bulk_actions()
#7 C:\Users\kongp\Local Sites\adsign\app\public\wp-includes\class-wp-hook.php(324): TGM_Plugin_Activation->install_plugins_page('')
#8 C:\Users\kongp\Local Sites\adsign\app\public\wp-includes\class-wp-hook.php(348): WP_Hook->apply_filters('', Array)
#9 C:\Users\kongp\Local Sites\adsign\app\public\wp-includes\plugin.php(517): WP_Hook->do_action(Array)
#10 C:\Users\kongp\Local Sites\adsign\app\public\wp-admin\admin.php(260): do_action('appearance_page...')
#11 C:\Users\kongp\Local Sites\adsign\app\public\wp-admin\themes.php(10): require_once('C:\\Users\\kongp\\...')
#12 {main}
  thrown in C:\Users\kongp\Local Sites\adsign\app\public\wp-admin\includes\class-bulk-upgrader-skin.php on line 208
[26-Aug-2025 11:24:49 UTC] PHP Warning:  Undefined array key 1 in C:\Users\kongp\Local Sites\adsign\app\public\wp-content\themes\flatsome\inc\shortcodes\ux_instagram_feed.php on line 384
[26-Aug-2025 11:31:40 UTC] PHP Warning:  Undefined array key 1 in C:\Users\kongp\Local Sites\adsign\app\public\wp-content\themes\flatsome\inc\shortcodes\ux_instagram_feed.php on line 384
[02-Sep-2025 10:30:40 UTC] Cron reschedule event error for hook: wp_version_check, Error code: could_not_set, Error message: The cron event list could not be saved., Data: {"schedule":"twicedaily","args":[],"interval":43200}
